<?xml version="1.0" encoding="UTF-8"?>
<!-- Generated by org.testng.reporters.JUnitReportReporter -->
<testsuite hostname="GK" failures="0" tests="1" name="demo.GoogleTest" time="5.246" errors="0" timestamp="2025-09-02T15:19:09 IST" skipped="0">
  <testcase classname="demo.GoogleTest" name="testGoogleTitle" time="5.246"/>
</testsuite> <!-- demo.GoogleTest -->
